2025/03/02 13:51:37 main.go:16: test
2025/03/02 13:59:30 server.go:3489: http: panic serving [::1]:49324: runtime error: invalid memory address or nil pointer dereference
goroutine 9 [running]:
net/http.(*conn).serve.func1()
	/usr/local/go/src/net/http/server.go:1947 +0xbe
panic({0x8bd860?, 0xc4d8e0?})
	/usr/local/go/src/runtime/panic.go:785 +0x132
html/template.(*Template).escape(0x0)
	/usr/local/go/src/html/template/template.go:97 +0x29
html/template.(*Template).Execute(0x0, {0x9c7960, 0xc0000e40e0}, {0x0, 0x0})
	/usr/local/go/src/html/template/template.go:121 +0x2c
github.com/k-tsurumaki/todo-app/app/controllers.top({0x9ca088, 0xc0000e40e0}, 0xc0000ddb38?)
	/home/k-tsurumaki/go/src/todo-app/app/controllers/route_main.go:10 +0x7a
net/http.HandlerFunc.ServeHTTP(0xc98a00?, {0x9ca088?, 0xc0000e40e0?}, 0x730c36?)
	/usr/local/go/src/net/http/server.go:2220 +0x29
net/http.(*ServeMux).ServeHTTP(0x46c079?, {0x9ca088, 0xc0000e40e0}, 0xc0000be640)
	/usr/local/go/src/net/http/server.go:2747 +0x1ca
net/http.serverHandler.ServeHTTP({0xc00009f6b0?}, {0x9ca088?, 0xc0000e40e0?}, 0x6?)
	/usr/local/go/src/net/http/server.go:3210 +0x8e
net/http.(*conn).serve(0xc0000ea120, {0x9ca7f0, 0xc00009f4d0})
	/usr/local/go/src/net/http/server.go:2092 +0x5d0
created by net/http.(*Server).Serve in goroutine 1
	/usr/local/go/src/net/http/server.go:3360 +0x485
2025/03/02 13:59:30 server.go:3489: http: panic serving [::1]:49314: runtime error: invalid memory address or nil pointer dereference
goroutine 8 [running]:
net/http.(*conn).serve.func1()
	/usr/local/go/src/net/http/server.go:1947 +0xbe
panic({0x8bd860?, 0xc4d8e0?})
	/usr/local/go/src/runtime/panic.go:785 +0x132
html/template.(*Template).escape(0x0)
	/usr/local/go/src/html/template/template.go:97 +0x29
html/template.(*Template).Execute(0x0, {0x9c7960, 0xc0000e41c0}, {0x0, 0x0})
	/usr/local/go/src/html/template/template.go:121 +0x2c
github.com/k-tsurumaki/todo-app/app/controllers.top({0x9ca088, 0xc0000e41c0}, 0xc00006fb38?)
	/home/k-tsurumaki/go/src/todo-app/app/controllers/route_main.go:10 +0x7a
net/http.HandlerFunc.ServeHTTP(0xc98a00?, {0x9ca088?, 0xc0000e41c0?}, 0x730c36?)
	/usr/local/go/src/net/http/server.go:2220 +0x29
net/http.(*ServeMux).ServeHTTP(0x46c079?, {0x9ca088, 0xc0000e41c0}, 0xc0000be500)
	/usr/local/go/src/net/http/server.go:2747 +0x1ca
net/http.serverHandler.ServeHTTP({0xc00009f5c0?}, {0x9ca088?, 0xc0000e41c0?}, 0x6?)
	/usr/local/go/src/net/http/server.go:3210 +0x8e
net/http.(*conn).serve(0xc0000ea090, {0x9ca7f0, 0xc00009f4d0})
	/usr/local/go/src/net/http/server.go:2092 +0x5d0
created by net/http.(*Server).Serve in goroutine 1
	/usr/local/go/src/net/http/server.go:3360 +0x485
2025/03/02 13:59:30 server.go:3489: http: panic serving [::1]:49326: runtime error: invalid memory address or nil pointer dereference
goroutine 12 [running]:
net/http.(*conn).serve.func1()
	/usr/local/go/src/net/http/server.go:1947 +0xbe
panic({0x8bd860?, 0xc4d8e0?})
	/usr/local/go/src/runtime/panic.go:785 +0x132
html/template.(*Template).escape(0x0)
	/usr/local/go/src/html/template/template.go:97 +0x29
html/template.(*Template).Execute(0x0, {0x9c7960, 0xc0000e42a0}, {0x0, 0x0})
	/usr/local/go/src/html/template/template.go:121 +0x2c
github.com/k-tsurumaki/todo-app/app/controllers.top({0x9ca088, 0xc0000e42a0}, 0xc00006fb38?)
	/home/k-tsurumaki/go/src/todo-app/app/controllers/route_main.go:10 +0x7a
net/http.HandlerFunc.ServeHTTP(0xc98a00?, {0x9ca088?, 0xc0000e42a0?}, 0x730c36?)
	/usr/local/go/src/net/http/server.go:2220 +0x29
net/http.(*ServeMux).ServeHTTP(0x46c079?, {0x9ca088, 0xc0000e42a0}, 0xc0000be780)
	/usr/local/go/src/net/http/server.go:2747 +0x1ca
net/http.serverHandler.ServeHTTP({0xc00009f9e0?}, {0x9ca088?, 0xc0000e42a0?}, 0x6?)
	/usr/local/go/src/net/http/server.go:3210 +0x8e
net/http.(*conn).serve(0xc0000ea3f0, {0x9ca7f0, 0xc00009f4d0})
	/usr/local/go/src/net/http/server.go:2092 +0x5d0
created by net/http.(*Server).Serve in goroutine 1
	/usr/local/go/src/net/http/server.go:3360 +0x485
2025/03/02 13:59:31 server.go:3489: http: panic serving [::1]:49334: runtime error: invalid memory address or nil pointer dereference
goroutine 18 [running]:
net/http.(*conn).serve.func1()
	/usr/local/go/src/net/http/server.go:1947 +0xbe
panic({0x8bd860?, 0xc4d8e0?})
	/usr/local/go/src/runtime/panic.go:785 +0x132
html/template.(*Template).escape(0x0)
	/usr/local/go/src/html/template/template.go:97 +0x29
html/template.(*Template).Execute(0x0, {0x9c7960, 0xc000142000}, {0x0, 0x0})
	/usr/local/go/src/html/template/template.go:121 +0x2c
github.com/k-tsurumaki/todo-app/app/controllers.top({0x9ca088, 0xc000142000}, 0xc00006ab38?)
	/home/k-tsurumaki/go/src/todo-app/app/controllers/route_main.go:10 +0x7a
net/http.HandlerFunc.ServeHTTP(0xc98a00?, {0x9ca088?, 0xc000142000?}, 0x730c36?)
	/usr/local/go/src/net/http/server.go:2220 +0x29
net/http.(*ServeMux).ServeHTTP(0x46c079?, {0x9ca088, 0xc000142000}, 0xc000130000)
	/usr/local/go/src/net/http/server.go:2747 +0x1ca
net/http.serverHandler.ServeHTTP({0xc00011a090?}, {0x9ca088?, 0xc000142000?}, 0x6?)
	/usr/local/go/src/net/http/server.go:3210 +0x8e
net/http.(*conn).serve(0xc00011e000, {0x9ca7f0, 0xc00009f4d0})
	/usr/local/go/src/net/http/server.go:2092 +0x5d0
created by net/http.(*Server).Serve in goroutine 1
	/usr/local/go/src/net/http/server.go:3360 +0x485
2025/03/02 13:59:31 server.go:3489: http: panic serving [::1]:49344: runtime error: invalid memory address or nil pointer dereference
goroutine 20 [running]:
net/http.(*conn).serve.func1()
	/usr/local/go/src/net/http/server.go:1947 +0xbe
panic({0x8bd860?, 0xc4d8e0?})
	/usr/local/go/src/runtime/panic.go:785 +0x132
html/template.(*Template).escape(0x0)
	/usr/local/go/src/html/template/template.go:97 +0x29
html/template.(*Template).Execute(0x0, {0x9c7960, 0xc0001420e0}, {0x0, 0x0})
	/usr/local/go/src/html/template/template.go:121 +0x2c
github.com/k-tsurumaki/todo-app/app/controllers.top({0x9ca088, 0xc0001420e0}, 0xc00006ab38?)
	/home/k-tsurumaki/go/src/todo-app/app/controllers/route_main.go:10 +0x7a
net/http.HandlerFunc.ServeHTTP(0xc98a00?, {0x9ca088?, 0xc0001420e0?}, 0x730c36?)
	/usr/local/go/src/net/http/server.go:2220 +0x29
net/http.(*ServeMux).ServeHTTP(0x46c079?, {0x9ca088, 0xc0001420e0}, 0xc000130140)
	/usr/local/go/src/net/http/server.go:2747 +0x1ca
net/http.serverHandler.ServeHTTP({0xc00011a210?}, {0x9ca088?, 0xc0001420e0?}, 0x6?)
	/usr/local/go/src/net/http/server.go:3210 +0x8e
net/http.(*conn).serve(0xc00011e1b0, {0x9ca7f0, 0xc00009f4d0})
	/usr/local/go/src/net/http/server.go:2092 +0x5d0
created by net/http.(*Server).Serve in goroutine 1
	/usr/local/go/src/net/http/server.go:3360 +0x485
2025/03/02 13:59:31 server.go:3489: http: panic serving [::1]:49350: runtime error: invalid memory address or nil pointer dereference
goroutine 22 [running]:
net/http.(*conn).serve.func1()
	/usr/local/go/src/net/http/server.go:1947 +0xbe
panic({0x8bd860?, 0xc4d8e0?})
	/usr/local/go/src/runtime/panic.go:785 +0x132
html/template.(*Template).escape(0x0)
	/usr/local/go/src/html/template/template.go:97 +0x29
html/template.(*Template).Execute(0x0, {0x9c7960, 0xc0001421c0}, {0x0, 0x0})
	/usr/local/go/src/html/template/template.go:121 +0x2c
github.com/k-tsurumaki/todo-app/app/controllers.top({0x9ca088, 0xc0001421c0}, 0xc00006ab38?)
	/home/k-tsurumaki/go/src/todo-app/app/controllers/route_main.go:10 +0x7a
net/http.HandlerFunc.ServeHTTP(0xc98a00?, {0x9ca088?, 0xc0001421c0?}, 0x730c36?)
	/usr/local/go/src/net/http/server.go:2220 +0x29
net/http.(*ServeMux).ServeHTTP(0x46c079?, {0x9ca088, 0xc0001421c0}, 0xc000130280)
	/usr/local/go/src/net/http/server.go:2747 +0x1ca
net/http.serverHandler.ServeHTTP({0xc00011a390?}, {0x9ca088?, 0xc0001421c0?}, 0x6?)
	/usr/local/go/src/net/http/server.go:3210 +0x8e
net/http.(*conn).serve(0xc00011e360, {0x9ca7f0, 0xc00009f4d0})
	/usr/local/go/src/net/http/server.go:2092 +0x5d0
created by net/http.(*Server).Serve in goroutine 1
	/usr/local/go/src/net/http/server.go:3360 +0x485
